This file contains any messages produced by compilers while
running configure, to aid debugging if configure makes a mistake.

It was created by joe configure 4.0, which was
generated by GNU Autoconf 2.71.  Invocation command line was

  $ ./configure --prefix=/usr --sysconfdir=/etc/

## --------- ##
## Platform. ##
## --------- ##

hostname = debian
uname -m = x86_64
uname -r = 6.1.0-35-amd64
uname -s = Linux
uname -v = #1 SMP PREEMPT_DYNAMIC Debian 6.1.137-1 (2025-05-07)

/usr/bin/uname -p = unknown
/bin/uname -X     = unknown

/bin/arch              = x86_64
/usr/bin/arch -k       = unknown
/usr/convex/getsysinfo = unknown
/usr/bin/hostinfo      = unknown
/bin/machine           = unknown
/usr/bin/oslevel       = unknown
/bin/universe          = unknown

PATH: /home/ben/.cargo/bin/
PATH: /usr/local/bin/
PATH: /usr/bin/
PATH: /bin/
PATH: /usr/local/games/
PATH: /usr/games/
PATH: /snap/bin/
PATH: /usr/local/jdk-21.0.2/bin/
PATH: /usr/local/apache-maven-3.9.10/bin/


## ----------- ##
## Core tests. ##
## ----------- ##

configure:2647: looking for aux files: compile missing install-sh config.guess config.sub
configure:2660:  trying ./
configure:2689:   ./compile found
configure:2689:   ./missing found
configure:2671:   ./install-sh found
configure:2689:   ./config.guess found
configure:2689:   ./config.sub found
configure:2809: checking build system type
configure:2824: result: x86_64-pc-linux-gnu
configure:2844: checking host system type
configure:2858: result: x86_64-pc-linux-gnu
configure:2878: checking target system type
configure:2892: result: x86_64-pc-linux-gnu
configure:2937: checking for a BSD-compatible install
configure:3010: result: /usr/bin/install -c
configure:3021: checking whether build environment is sane
configure:3076: result: yes
configure:3235: checking for a race-free mkdir -p
configure:3279: result: /usr/bin/mkdir -p
configure:3286: checking for gawk
configure:3321: result: no
configure:3286: checking for mawk
configure:3307: found /usr/bin/mawk
configure:3318: result: mawk
configure:3329: checking whether make sets $(MAKE)
configure:3352: result: yes
configure:3382: checking whether make supports nested variables
configure:3400: result: yes
configure:3537: checking whether to enable maintainer-specific portions of Makefiles
configure:3547: result: no
configure:3626: checking for gcc
configure:3647: found /usr/bin/gcc
configure:3658: result: gcc
configure:4011: checking for C compiler version
configure:4020: gcc --version >&5
gcc (Debian 12.2.0-14+deb12u1) 12.2.0
Copyright (C) 2022 Free Software Foundation, Inc.
This is free software; see the source for copying conditions.  There is NO
warranty; not even for MERCHANTABILITY or FITNESS FOR A PARTICULAR PURPOSE.

configure:4031: $? = 0
configure:4020: gcc -v >&5
Using built-in specs.
COLLECT_GCC=gcc
COLLECT_LTO_WRAPPER=/usr/lib/gcc/x86_64-linux-gnu/12/lto-wrapper
OFFLOAD_TARGET_NAMES=nvptx-none:amdgcn-amdhsa
OFFLOAD_TARGET_DEFAULT=1
Target: x86_64-linux-gnu
Configured with: ../src/configure -v --with-pkgversion='Debian 12.2.0-14+deb12u1' --with-bugurl=file:///usr/share/doc/gcc-12/README.Bugs --enable-languages=c,ada,c++,go,d,fortran,objc,obj-c++,m2 --prefix=/usr --with-gcc-major-version-only --program-suffix=-12 --program-prefix=x86_64-linux-gnu- --enable-shared --enable-linker-build-id --libexecdir=/usr/lib --without-included-gettext --enable-threads=posix --libdir=/usr/lib --enable-nls --enable-clocale=gnu --enable-libstdcxx-debug --enable-libstdcxx-time=yes --with-default-libstdcxx-abi=new --enable-gnu-unique-object --disable-vtable-verify --enable-plugin --enable-default-pie --with-system-zlib --enable-libphobos-checking=release --with-target-system-zlib=auto --enable-objc-gc=auto --enable-multiarch --disable-werror --enable-cet --with-arch-32=i686 --with-abi=m64 --with-multilib-list=m32,m64,mx32 --enable-multilib --with-tune=generic --enable-offload-targets=nvptx-none=/build/reproducible-path/gcc-12-12.2.0/debian/tmp-nvptx/usr,amdgcn-amdhsa=/build/reproducible-path/gcc-12-12.2.0/debian/tmp-gcn/usr --enable-offload-defaulted --without-cuda-driver --enable-checking=release --build=x86_64-linux-gnu --host=x86_64-linux-gnu --target=x86_64-linux-gnu
Thread model: posix
Supported LTO compression algorithms: zlib zstd
gcc version 12.2.0 (Debian 12.2.0-14+deb12u1) 
... rest of stderr output deleted ...
configure:4031: $? = 0
configure:4020: gcc -V >&5
gcc: error: unrecognized command-line option '-V'
gcc: fatal error: no input files
compilation terminated.
configure:4031: $? = 1
configure:4020: gcc -qversion >&5
gcc: error: unrecognized command-line option '-qversion'; did you mean '--version'?
gcc: fatal error: no input files
compilation terminated.
configure:4031: $? = 1
configure:4020: gcc -version >&5
gcc: error: unrecognized command-line option '-version'
gcc: fatal error: no input files
compilation terminated.
configure:4031: $? = 1
configure:4051: checking whether the C compiler works
configure:4073: gcc    conftest.c  >&5
configure:4077: $? = 0
configure:4127: result: yes
configure:4130: checking for C compiler default output file name
configure:4132: result: a.out
configure:4138: checking for suffix of executables
configure:4145: gcc -o conftest    conftest.c  >&5
configure:4149: $? = 0
configure:4172: result: 
configure:4194: checking whether we are cross compiling
configure:4202: gcc -o conftest    conftest.c  >&5
configure:4206: $? = 0
configure:4213: ./conftest
configure:4217: $? = 0
configure:4232: result: no
configure:4237: checking for suffix of object files
configure:4260: gcc -c   conftest.c >&5
configure:4264: $? = 0
configure:4286: result: o
configure:4290: checking whether the compiler supports GNU C
configure:4310: gcc -c   conftest.c >&5
configure:4310: $? = 0
configure:4320: result: yes
configure:4331: checking whether gcc accepts -g
configure:4352: gcc -c -g  conftest.c >&5
configure:4352: $? = 0
configure:4396: result: yes
configure:4416: checking for gcc option to enable C11 features
configure:4431: gcc  -c -g -O2  conftest.c >&5
configure:4431: $? = 0
configure:4449: result: none needed
configure:4565: checking whether gcc understands -c and -o together
configure:4588: gcc -c conftest.c -o conftest2.o
configure:4591: $? = 0
configure:4588: gcc -c conftest.c -o conftest2.o
configure:4591: $? = 0
configure:4603: result: yes
configure:4623: checking whether make supports the include directive
configure:4638: make -f confmf.GNU && cat confinc.out
this is the am__doit target
configure:4641: $? = 0
configure:4660: result: yes (GNU style)
configure:4686: checking dependency style of gcc
configure:4798: result: gcc3
configure:4818: checking how to run the C preprocessor
configure:4844: gcc -E  conftest.c
configure:4844: $? = 0
configure:4859: gcc -E  conftest.c
conftest.c:11:10: fatal error: ac_nonexistent.h: No such file or directory
   11 | #include <ac_nonexistent.h>
      |          ^~~~~~~~~~~~~~~~~~
compilation terminated.
configure:4859: $? = 1
configure: failed program was:
| /* confdefs.h */
| #define PACKAGE_NAME "joe"
| #define PACKAGE_TARNAME "joe"
| #define PACKAGE_VERSION "4.0"
| #define PACKAGE_STRING "joe 4.0"
| #define PACKAGE_BUGREPORT ""
| #define PACKAGE_URL ""
| #define PACKAGE "joe"
| #define VERSION "4.0"
| /* end confdefs.h.  */
| #include <ac_nonexistent.h>
configure:4886: result: gcc -E
configure:4900: gcc -E  conftest.c
configure:4900: $? = 0
configure:4915: gcc -E  conftest.c
conftest.c:11:10: fatal error: ac_nonexistent.h: No such file or directory
   11 | #include <ac_nonexistent.h>
      |          ^~~~~~~~~~~~~~~~~~
compilation terminated.
configure:4915: $? = 1
configure: failed program was:
| /* confdefs.h */
| #define PACKAGE_NAME "joe"
| #define PACKAGE_TARNAME "joe"
| #define PACKAGE_VERSION "4.0"
| #define PACKAGE_STRING "joe 4.0"
| #define PACKAGE_BUGREPORT ""
| #define PACKAGE_URL ""
| #define PACKAGE "joe"
| #define VERSION "4.0"
| /* end confdefs.h.  */
| #include <ac_nonexistent.h>
configure:4945: checking for grep that handles long lines and -e
configure:5009: result: /usr/bin/grep
configure:5014: checking for egrep
configure:5082: result: /usr/bin/grep -E
configure:5088: checking whether ln -s works
configure:5092: result: yes
configure:5138: checking for library containing openpty
configure:5168: gcc -o conftest -g -O2   conftest.c  >&5
configure:5168: $? = 0
configure:5188: result: none required
configure:5199: checking for library containing login_tty
configure:5229: gcc -o conftest -g -O2   conftest.c  >&5
configure:5229: $? = 0
configure:5249: result: none required
configure:5260: checking for library containing tgetflag
configure:5290: gcc -o conftest -g -O2   conftest.c  >&5
/usr/bin/ld: /tmp/cc2XYjEk.o: in function `main':
/home/ben/joe-build/joe-editor/conftest.c:21: undefined reference to `tgetflag'
collect2: error: ld returned 1 exit status
configure:5290: $? = 1
configure: failed program was:
| /* confdefs.h */
| #define PACKAGE_NAME "joe"
| #define PACKAGE_TARNAME "joe"
| #define PACKAGE_VERSION "4.0"
| #define PACKAGE_STRING "joe 4.0"
| #define PACKAGE_BUGREPORT ""
| #define PACKAGE_URL ""
| #define PACKAGE "joe"
| #define VERSION "4.0"
| #define HAVE_OPENPTY 1
| #define HAVE_LOGIN_TTY 1
| /* end confdefs.h.  */
| 
| /* Override any GCC internal prototype to avoid an error.
|    Use char because int might match the return type of a GCC
|    builtin and then its argument prototype would still apply.  */
| char tgetflag ();
| int
| main (void)
| {
| return tgetflag ();
|   ;
|   return 0;
| }
configure:5290: gcc -o conftest -g -O2   conftest.c -lncurses   >&5
configure:5290: $? = 0
configure:5310: result: -lncurses
configure:5321: checking for library containing snprintf
configure:5351: gcc -o conftest -g -O2   conftest.c -lncurses  >&5
conftest.c:18:6: warning: conflicting types for built-in function 'snprintf'; expected 'int(char *, long unsigned int,  const char *, ...)' [-Wbuiltin-declaration-mismatch]
   18 | char snprintf ();
      |      ^~~~~~~~
conftest.c:1:1: note: 'snprintf' is declared in header '<stdio.h>'
    1 | /* confdefs.h */
configure:5351: $? = 0
configure:5371: result: none required
configure:5392: checking for special C compiler options needed for large files
configure:5440: result: no
configure:5446: checking for _FILE_OFFSET_BITS value needed for large files
configure:5472: gcc -c -g -O2  conftest.c >&5
configure:5472: $? = 0
configure:5506: result: no
configure:5591: checking for dirent.h that defines DIR
configure:5611: gcc -c -g -O2  conftest.c >&5
configure:5611: $? = 0
configure:5620: result: yes
configure:5634: checking for library containing opendir
configure:5664: gcc -o conftest -g -O2   conftest.c -lncurses  >&5
configure:5664: $? = 0
configure:5684: result: none required
configure:5755: checking POSIX termios
configure:5776: gcc -o conftest -g -O2   conftest.c -lncurses  >&5
configure:5776: $? = 0
configure:5785: result: yes
configure:5842: checking whether termios.h defines TIOCGWINSZ
configure:5867: result: no
configure:5871: checking whether sys/ioctl.h defines TIOCGWINSZ
configure:5896: result: yes
configure:5906: checking for errno.h
configure:5906: gcc -c -g -O2  conftest.c >&5
configure:5906: $? = 0
configure:5906: result: yes
configure:5912: checking for fcntl.h
configure:5912: gcc -c -g -O2  conftest.c >&5
configure:5912: $? = 0
configure:5912: result: yes
configure:5918: checking for locale.h
configure:5918: gcc -c -g -O2  conftest.c >&5
configure:5918: $? = 0
configure:5918: result: yes
configure:5924: checking for sgtty.h
configure:5924: gcc -c -g -O2  conftest.c >&5
configure:5924: $? = 0
configure:5924: result: yes
configure:5930: checking for stdlib.h
configure:5930: gcc -c -g -O2  conftest.c >&5
configure:5930: $? = 0
configure:5930: result: yes
configure:5936: checking for string.h
configure:5936: gcc -c -g -O2  conftest.c >&5
configure:5936: $? = 0
configure:5936: result: yes
configure:5943: checking for sys/ioctl.h
configure:5943: gcc -c -g -O2  conftest.c >&5
configure:5943: $? = 0
configure:5943: result: yes
configure:5949: checking for sys/param.h
configure:5949: gcc -c -g -O2  conftest.c >&5
configure:5949: $? = 0
configure:5949: result: yes
configure:5955: checking for sys/time.h
configure:5955: gcc -c -g -O2  conftest.c >&5
configure:5955: $? = 0
configure:5955: result: yes
configure:5961: checking for unistd.h
configure:5961: gcc -c -g -O2  conftest.c >&5
configure:5961: $? = 0
configure:5961: result: yes
configure:5967: checking for utime.h
configure:5967: gcc -c -g -O2  conftest.c >&5
configure:5967: $? = 0
configure:5967: result: yes
configure:5974: checking for sys/dirent.h
configure:5974: gcc -c -g -O2  conftest.c >&5
conftest.c:57:10: fatal error: sys/dirent.h: No such file or directory
   57 | #include <sys/dirent.h>
      |          ^~~~~~~~~~~~~~
compilation terminated.
configure:5974: $? = 1
configure: failed program was:
| /* confdefs.h */
| #define PACKAGE_NAME "joe"
| #define PACKAGE_TARNAME "joe"
| #define PACKAGE_VERSION "4.0"
| #define PACKAGE_STRING "joe 4.0"
| #define PACKAGE_BUGREPORT ""
| #define PACKAGE_URL ""
| #define PACKAGE "joe"
| #define VERSION "4.0"
| #define HAVE_OPENPTY 1
| #define HAVE_LOGIN_TTY 1
| #define TERMINFO 1
| #define HAVE_SNPRINTF 1
| #define HAVE_DIRENT_H 1
| #define HAVE_POSIX_TERMIOS 1
| #define GWINSZ_IN_SYS_IOCTL 1
| #define HAVE_ERRNO_H 1
| #define HAVE_FCNTL_H 1
| #define HAVE_LOCALE_H 1
| #define HAVE_SGTTY_H 1
| #define HAVE_STDLIB_H 1
| #define HAVE_STRING_H 1
| #define HAVE_SYS_IOCTL_H 1
| #define HAVE_SYS_PARAM_H 1
| #define HAVE_SYS_TIME_H 1
| #define HAVE_UNISTD_H 1
| #define HAVE_UTIME_H 1
| /* end confdefs.h.  */
| #include <stddef.h>
| #ifdef HAVE_STDIO_H
| # include <stdio.h>
| #endif
| #ifdef HAVE_STDLIB_H
| # include <stdlib.h>
| #endif
| #ifdef HAVE_STRING_H
| # include <string.h>
| #endif
| #ifdef HAVE_INTTYPES_H
| # include <inttypes.h>
| #endif
| #ifdef HAVE_STDINT_H
| # include <stdint.h>
| #endif
| #ifdef HAVE_STRINGS_H
| # include <strings.h>
| #endif
| #ifdef HAVE_SYS_TYPES_H
| # include <sys/types.h>
| #endif
| #ifdef HAVE_SYS_STAT_H
| # include <sys/stat.h>
| #endif
| #ifdef HAVE_UNISTD_H
| # include <unistd.h>
| #endif
| #include <sys/dirent.h>
configure:5974: result: no
configure:5980: checking for time.h
configure:5980: gcc -c -g -O2  conftest.c >&5
configure:5980: $? = 0
configure:5980: result: yes
configure:5986: checking for pwd.h
configure:5986: gcc -c -g -O2  conftest.c >&5
configure:5986: $? = 0
configure:5986: result: yes
configure:5992: checking for paths.h
configure:5992: gcc -c -g -O2  conftest.c >&5
configure:5992: $? = 0
configure:5992: result: yes
configure:5998: checking for pty.h
configure:5998: gcc -c -g -O2  conftest.c >&5
configure:5998: $? = 0
configure:5998: result: yes
configure:6004: checking for libutil.h
configure:6004: gcc -c -g -O2  conftest.c >&5
conftest.c:61:10: fatal error: libutil.h: No such file or directory
   61 | #include <libutil.h>
      |          ^~~~~~~~~~~
compilation terminated.
configure:6004: $? = 1
configure: failed program was:
| /* confdefs.h */
| #define PACKAGE_NAME "joe"
| #define PACKAGE_TARNAME "joe"
| #define PACKAGE_VERSION "4.0"
| #define PACKAGE_STRING "joe 4.0"
| #define PACKAGE_BUGREPORT ""
| #define PACKAGE_URL ""
| #define PACKAGE "joe"
| #define VERSION "4.0"
| #define HAVE_OPENPTY 1
| #define HAVE_LOGIN_TTY 1
| #define TERMINFO 1
| #define HAVE_SNPRINTF 1
| #define HAVE_DIRENT_H 1
| #define HAVE_POSIX_TERMIOS 1
| #define GWINSZ_IN_SYS_IOCTL 1
| #define HAVE_ERRNO_H 1
| #define HAVE_FCNTL_H 1
| #define HAVE_LOCALE_H 1
| #define HAVE_SGTTY_H 1
| #define HAVE_STDLIB_H 1
| #define HAVE_STRING_H 1
| #define HAVE_SYS_IOCTL_H 1
| #define HAVE_SYS_PARAM_H 1
| #define HAVE_SYS_TIME_H 1
| #define HAVE_UNISTD_H 1
| #define HAVE_UTIME_H 1
| #define HAVE_TIME_H 1
| #define HAVE_PWD_H 1
| #define HAVE_PATHS_H 1
| #define HAVE_PTY_H 1
| /* end confdefs.h.  */
| #include <stddef.h>
| #ifdef HAVE_STDIO_H
| # include <stdio.h>
| #endif
| #ifdef HAVE_STDLIB_H
| # include <stdlib.h>
| #endif
| #ifdef HAVE_STRING_H
| # include <string.h>
| #endif
| #ifdef HAVE_INTTYPES_H
| # include <inttypes.h>
| #endif
| #ifdef HAVE_STDINT_H
| # include <stdint.h>
| #endif
| #ifdef HAVE_STRINGS_H
| # include <strings.h>
| #endif
| #ifdef HAVE_SYS_TYPES_H
| # include <sys/types.h>
| #endif
| #ifdef HAVE_SYS_STAT_H
| # include <sys/stat.h>
| #endif
| #ifdef HAVE_UNISTD_H
| # include <unistd.h>
| #endif
| #include <libutil.h>
configure:6004: result: no
configure:6011: checking for sys/types.h
configure:6011: gcc -c -g -O2  conftest.c >&5
configure:6011: $? = 0
configure:6011: result: yes
configure:6017: checking for sys/stat.h
configure:6017: gcc -c -g -O2  conftest.c >&5
configure:6017: $? = 0
configure:6017: result: yes
configure:6023: checking for sys/wait.h
configure:6023: gcc -c -g -O2  conftest.c >&5
configure:6023: $? = 0
configure:6023: result: yes
configure:6029: checking for limits.h
configure:6029: gcc -c -g -O2  conftest.c >&5
configure:6029: $? = 0
configure:6029: result: yes
configure:6035: checking for signal.h
configure:6035: gcc -c -g -O2  conftest.c >&5
configure:6035: $? = 0
configure:6035: result: yes
configure:6042: checking for curses.h
configure:6042: gcc -c -g -O2  conftest.c >&5
configure:6042: $? = 0
configure:6042: result: yes
configure:6048: checking for term.h
configure:6048: gcc -c -g -O2  conftest.c >&5
configure:6048: $? = 0
configure:6048: result: yes
configure:6054: checking for utmp.h
configure:6054: gcc -c -g -O2  conftest.c >&5
configure:6054: $? = 0
configure:6054: result: yes
configure:6060: checking for sys/utime.h
configure:6060: gcc -c -g -O2  conftest.c >&5
conftest.c:69:10: fatal error: sys/utime.h: No such file or directory
   69 | #include <sys/utime.h>
      |          ^~~~~~~~~~~~~
compilation terminated.
configure:6060: $? = 1
configure: failed program was:
| /* confdefs.h */
| #define PACKAGE_NAME "joe"
| #define PACKAGE_TARNAME "joe"
| #define PACKAGE_VERSION "4.0"
| #define PACKAGE_STRING "joe 4.0"
| #define PACKAGE_BUGREPORT ""
| #define PACKAGE_URL ""
| #define PACKAGE "joe"
| #define VERSION "4.0"
| #define HAVE_OPENPTY 1
| #define HAVE_LOGIN_TTY 1
| #define TERMINFO 1
| #define HAVE_SNPRINTF 1
| #define HAVE_DIRENT_H 1
| #define HAVE_POSIX_TERMIOS 1
| #define GWINSZ_IN_SYS_IOCTL 1
| #define HAVE_ERRNO_H 1
| #define HAVE_FCNTL_H 1
| #define HAVE_LOCALE_H 1
| #define HAVE_SGTTY_H 1
| #define HAVE_STDLIB_H 1
| #define HAVE_STRING_H 1
| #define HAVE_SYS_IOCTL_H 1
| #define HAVE_SYS_PARAM_H 1
| #define HAVE_SYS_TIME_H 1
| #define HAVE_UNISTD_H 1
| #define HAVE_UTIME_H 1
| #define HAVE_TIME_H 1
| #define HAVE_PWD_H 1
| #define HAVE_PATHS_H 1
| #define HAVE_PTY_H 1
| #define HAVE_SYS_TYPES_H 1
| #define HAVE_SYS_STAT_H 1
| #define HAVE_SYS_WAIT_H 1
| #define HAVE_LIMITS_H 1
| #define HAVE_SIGNAL_H 1
| #define HAVE_CURSES_H 1
| #define HAVE_TERM_H 1
| #define HAVE_UTMP_H 1
| /* end confdefs.h.  */
| #include <stddef.h>
| #ifdef HAVE_STDIO_H
| # include <stdio.h>
| #endif
| #ifdef HAVE_STDLIB_H
| # include <stdlib.h>
| #endif
| #ifdef HAVE_STRING_H
| # include <string.h>
| #endif
| #ifdef HAVE_INTTYPES_H
| # include <inttypes.h>
| #endif
| #ifdef HAVE_STDINT_H
| # include <stdint.h>
| #endif
| #ifdef HAVE_STRINGS_H
| # include <strings.h>
| #endif
| #ifdef HAVE_SYS_TYPES_H
| # include <sys/types.h>
| #endif
| #ifdef HAVE_SYS_STAT_H
| # include <sys/stat.h>
| #endif
| #ifdef HAVE_UNISTD_H
| # include <unistd.h>
| #endif
| #include <sys/utime.h>
configure:6060: result: no
configure:6068: checking for selinux/selinux.h
configure:6068: gcc -c -g -O2  conftest.c >&5
configure:6068: $? = 0
configure:6068: result: yes
configure:6074: checking for selinux/context.h
configure:6074: gcc -c -g -O2  conftest.c >&5
configure:6074: $? = 0
configure:6074: result: yes
configure:6098: checking for an ANSI C-conforming const
configure:6165: gcc -c -g -O2  conftest.c >&5
configure:6165: $? = 0
configure:6173: result: yes
configure:6185: checking for long long
configure:6185: gcc -c -g -O2  conftest.c >&5
configure:6185: $? = 0
configure:6185: gcc -c -g -O2  conftest.c >&5
conftest.c: In function 'main':
conftest.c:77:24: error: expected expression before ')' token
   77 | if (sizeof ((long long)))
      |                        ^
configure:6185: $? = 1
configure: failed program was:
| /* confdefs.h */
| #define PACKAGE_NAME "joe"
| #define PACKAGE_TARNAME "joe"
| #define PACKAGE_VERSION "4.0"
| #define PACKAGE_STRING "joe 4.0"
| #define PACKAGE_BUGREPORT ""
| #define PACKAGE_URL ""
| #define PACKAGE "joe"
| #define VERSION "4.0"
| #define HAVE_OPENPTY 1
| #define HAVE_LOGIN_TTY 1
| #define TERMINFO 1
| #define HAVE_SNPRINTF 1
| #define HAVE_DIRENT_H 1
| #define HAVE_POSIX_TERMIOS 1
| #define GWINSZ_IN_SYS_IOCTL 1
| #define HAVE_ERRNO_H 1
| #define HAVE_FCNTL_H 1
| #define HAVE_LOCALE_H 1
| #define HAVE_SGTTY_H 1
| #define HAVE_STDLIB_H 1
| #define HAVE_STRING_H 1
| #define HAVE_SYS_IOCTL_H 1
| #define HAVE_SYS_PARAM_H 1
| #define HAVE_SYS_TIME_H 1
| #define HAVE_UNISTD_H 1
| #define HAVE_UTIME_H 1
| #define HAVE_TIME_H 1
| #define HAVE_PWD_H 1
| #define HAVE_PATHS_H 1
| #define HAVE_PTY_H 1
| #define HAVE_SYS_TYPES_H 1
| #define HAVE_SYS_STAT_H 1
| #define HAVE_SYS_WAIT_H 1
| #define HAVE_LIMITS_H 1
| #define HAVE_SIGNAL_H 1
| #define HAVE_CURSES_H 1
| #define HAVE_TERM_H 1
| #define HAVE_UTMP_H 1
| #define HAVE_SELINUX_SELINUX_H 1
| #define HAVE_SELINUX_CONTEXT_H 1
| #define HAVE_SELINUX 1
| #define PROTOTYPES 1
| #define __PROTOTYPES 1
| /* end confdefs.h.  */
| #include <stddef.h>
| #ifdef HAVE_STDIO_H
| # include <stdio.h>
| #endif
| #ifdef HAVE_STDLIB_H
| # include <stdlib.h>
| #endif
| #ifdef HAVE_STRING_H
| # include <string.h>
| #endif
| #ifdef HAVE_INTTYPES_H
| # include <inttypes.h>
| #endif
| #ifdef HAVE_STDINT_H
| # include <stdint.h>
| #endif
| #ifdef HAVE_STRINGS_H
| # include <strings.h>
| #endif
| #ifdef HAVE_SYS_TYPES_H
| # include <sys/types.h>
| #endif
| #ifdef HAVE_SYS_STAT_H
| # include <sys/stat.h>
| #endif
| #ifdef HAVE_UNISTD_H
| # include <unistd.h>
| #endif
| int
| main (void)
| {
| if (sizeof ((long long)))
| 	    return 0;
|   ;
|   return 0;
| }
configure:6185: result: yes
configure:6198: checking size of char
configure:6204: gcc -o conftest -g -O2   conftest.c -lncurses  >&5
configure:6204: $? = 0
configure:6204: ./conftest
configure:6204: $? = 0
configure:6219: result: 1
configure:6231: checking size of short
configure:6237: gcc -o conftest -g -O2   conftest.c -lncurses  >&5
configure:6237: $? = 0
configure:6237: ./conftest
configure:6237: $? = 0
configure:6252: result: 2
configure:6264: checking size of int
configure:6270: gcc -o conftest -g -O2   conftest.c -lncurses  >&5
configure:6270: $? = 0
configure:6270: ./conftest
configure:6270: $? = 0
configure:6285: result: 4
configure:6297: checking size of long
configure:6303: gcc -o conftest -g -O2   conftest.c -lncurses  >&5
configure:6303: $? = 0
configure:6303: ./conftest
configure:6303: $? = 0
configure:6318: result: 8
configure:6330: checking size of long long
configure:6336: gcc -o conftest -g -O2   conftest.c -lncurses  >&5
configure:6336: $? = 0
configure:6336: ./conftest
configure:6336: $? = 0
configure:6351: result: 8
configure:6363: checking size of void *
configure:6369: gcc -o conftest -g -O2   conftest.c -lncurses  >&5
configure:6369: $? = 0
configure:6369: ./conftest
configure:6369: $? = 0
configure:6384: result: 8
configure:6392: checking for sighandler_t
configure:6392: gcc -c -g -O2  conftest.c >&5
conftest.c: In function 'main':
conftest.c:61:13: error: 'sighandler_t' undeclared (first use in this function); did you mean 'sa_handler'?
   61 | if (sizeof (sighandler_t))
      |             ^~~~~~~~~~~~
      |             sa_handler
conftest.c:61:13: note: each undeclared identifier is reported only once for each function it appears in
configure:6392: $? = 1
configure: failed program was:
| /* confdefs.h */
| #define PACKAGE_NAME "joe"
| #define PACKAGE_TARNAME "joe"
| #define PACKAGE_VERSION "4.0"
| #define PACKAGE_STRING "joe 4.0"
| #define PACKAGE_BUGREPORT ""
| #define PACKAGE_URL ""
| #define PACKAGE "joe"
| #define VERSION "4.0"
| #define HAVE_OPENPTY 1
| #define HAVE_LOGIN_TTY 1
| #define TERMINFO 1
| #define HAVE_SNPRINTF 1
| #define HAVE_DIRENT_H 1
| #define HAVE_POSIX_TERMIOS 1
| #define GWINSZ_IN_SYS_IOCTL 1
| #define HAVE_ERRNO_H 1
| #define HAVE_FCNTL_H 1
| #define HAVE_LOCALE_H 1
| #define HAVE_SGTTY_H 1
| #define HAVE_STDLIB_H 1
| #define HAVE_STRING_H 1
| #define HAVE_SYS_IOCTL_H 1
| #define HAVE_SYS_PARAM_H 1
| #define HAVE_SYS_TIME_H 1
| #define HAVE_UNISTD_H 1
| #define HAVE_UTIME_H 1
| #define HAVE_TIME_H 1
| #define HAVE_PWD_H 1
| #define HAVE_PATHS_H 1
| #define HAVE_PTY_H 1
| #define HAVE_SYS_TYPES_H 1
| #define HAVE_SYS_STAT_H 1
| #define HAVE_SYS_WAIT_H 1
| #define HAVE_LIMITS_H 1
| #define HAVE_SIGNAL_H 1
| #define HAVE_CURSES_H 1
| #define HAVE_TERM_H 1
| #define HAVE_UTMP_H 1
| #define HAVE_SELINUX_SELINUX_H 1
| #define HAVE_SELINUX_CONTEXT_H 1
| #define HAVE_SELINUX 1
| #define PROTOTYPES 1
| #define __PROTOTYPES 1
| #define HAVE_LONG_LONG 1
| #define SIZEOF_CHAR 1
| #define SIZEOF_SHORT 2
| #define SIZEOF_INT 4
| #define SIZEOF_LONG 8
| #define SIZEOF_LONG_LONG 8
| #define SIZEOF_VOID_P 8
| /* end confdefs.h.  */
| /* if you have signal.h header, include it */
| #ifdef HAVE_SIGNAL_H
| #include <signal.h>
| #endif
| 
| int
| main (void)
| {
| if (sizeof (sighandler_t))
| 	 return 0;
|   ;
|   return 0;
| }
configure:6392: result: no
configure:6407: checking whether gcc needs -traditional
configure:6444: result: no
configure:6451: checking whether lstat correctly handles trailing slash
configure:6484: gcc -o conftest -g -O2   conftest.c -lncurses  >&5
configure:6484: $? = 0
configure:6484: ./conftest
configure:6484: $? = 0
configure:6502: result: yes
configure:6519: checking whether lstat accepts an empty string
configure:6541: gcc -o conftest -g -O2   conftest.c -lncurses  >&5
configure:6541: $? = 0
configure:6541: ./conftest
configure:6541: $? = 0
configure:6552: result: no
configure:6566: checking whether setpgrp() takes no arguments
configure:6587: gcc -o conftest -g -O2   conftest.c -lncurses  >&5
conftest.c: In function 'main':
conftest.c:60:9: warning: implicit declaration of function 'exit' [-Wimplicit-function-declaration]
   60 |         exit(setpgrp(0, 0) != 0);
      |         ^~~~
conftest.c:57:1: note: include '<stdlib.h>' or provide a declaration of 'exit'
   56 | #include <unistd.h>
  +++ |+#include <stdlib.h>
   57 | #endif
conftest.c:60:9: warning: incompatible implicit declaration of built-in function 'exit' [-Wbuiltin-declaration-mismatch]
   60 |         exit(setpgrp(0, 0) != 0);
      |         ^~~~
conftest.c:60:9: note: include '<stdlib.h>' or provide a declaration of 'exit'
conftest.c:60:14: error: too many arguments to function 'setpgrp'
   60 |         exit(setpgrp(0, 0) != 0);
      |              ^~~~~~~
In file included from conftest.c:56:
/usr/include/unistd.h:682:12: note: declared here
  682 | extern int setpgrp (void) __THROW;
      |            ^~~~~~~
configure:6587: $? = 1
configure: program exited with status 1
configure: failed program was:
| /* confdefs.h */
| #define PACKAGE_NAME "joe"
| #define PACKAGE_TARNAME "joe"
| #define PACKAGE_VERSION "4.0"
| #define PACKAGE_STRING "joe 4.0"
| #define PACKAGE_BUGREPORT ""
| #define PACKAGE_URL ""
| #define PACKAGE "joe"
| #define VERSION "4.0"
| #define HAVE_OPENPTY 1
| #define HAVE_LOGIN_TTY 1
| #define TERMINFO 1
| #define HAVE_SNPRINTF 1
| #define HAVE_DIRENT_H 1
| #define HAVE_POSIX_TERMIOS 1
| #define GWINSZ_IN_SYS_IOCTL 1
| #define HAVE_ERRNO_H 1
| #define HAVE_FCNTL_H 1
| #define HAVE_LOCALE_H 1
| #define HAVE_SGTTY_H 1
| #define HAVE_STDLIB_H 1
| #define HAVE_STRING_H 1
| #define HAVE_SYS_IOCTL_H 1
| #define HAVE_SYS_PARAM_H 1
| #define HAVE_SYS_TIME_H 1
| #define HAVE_UNISTD_H 1
| #define HAVE_UTIME_H 1
| #define HAVE_TIME_H 1
| #define HAVE_PWD_H 1
| #define HAVE_PATHS_H 1
| #define HAVE_PTY_H 1
| #define HAVE_SYS_TYPES_H 1
| #define HAVE_SYS_STAT_H 1
| #define HAVE_SYS_WAIT_H 1
| #define HAVE_LIMITS_H 1
| #define HAVE_SIGNAL_H 1
| #define HAVE_CURSES_H 1
| #define HAVE_TERM_H 1
| #define HAVE_UTMP_H 1
| #define HAVE_SELINUX_SELINUX_H 1
| #define HAVE_SELINUX_CONTEXT_H 1
| #define HAVE_SELINUX 1
| #define PROTOTYPES 1
| #define __PROTOTYPES 1
| #define HAVE_LONG_LONG 1
| #define SIZEOF_CHAR 1
| #define SIZEOF_SHORT 2
| #define SIZEOF_INT 4
| #define SIZEOF_LONG 8
| #define SIZEOF_LONG_LONG 8
| #define SIZEOF_VOID_P 8
| #define LSTAT_FOLLOWS_SLASHED_SYMLINK 1
| /* end confdefs.h.  */
| 
| #if HAVE_UNISTD_H
| #include <unistd.h>
| #endif
| int main() {
| 	/* exit succesfully if setpgrp() takes two args (*BSD systems) */
| 	exit(setpgrp(0, 0) != 0);
| }
configure:6599: result: yes
configure:6608: checking for pid_t
configure:6608: gcc -c -g -O2  conftest.c >&5
configure:6608: $? = 0
configure:6608: gcc -c -g -O2  conftest.c >&5
conftest.c: In function 'main':
conftest.c:87:20: error: expected expression before ')' token
   87 | if (sizeof ((pid_t)))
      |                    ^
configure:6608: $? = 1
configure: failed program was:
| /* confdefs.h */
| #define PACKAGE_NAME "joe"
| #define PACKAGE_TARNAME "joe"
| #define PACKAGE_VERSION "4.0"
| #define PACKAGE_STRING "joe 4.0"
| #define PACKAGE_BUGREPORT ""
| #define PACKAGE_URL ""
| #define PACKAGE "joe"
| #define VERSION "4.0"
| #define HAVE_OPENPTY 1
| #define HAVE_LOGIN_TTY 1
| #define TERMINFO 1
| #define HAVE_SNPRINTF 1
| #define HAVE_DIRENT_H 1
| #define HAVE_POSIX_TERMIOS 1
| #define GWINSZ_IN_SYS_IOCTL 1
| #define HAVE_ERRNO_H 1
| #define HAVE_FCNTL_H 1
| #define HAVE_LOCALE_H 1
| #define HAVE_SGTTY_H 1
| #define HAVE_STDLIB_H 1
| #define HAVE_STRING_H 1
| #define HAVE_SYS_IOCTL_H 1
| #define HAVE_SYS_PARAM_H 1
| #define HAVE_SYS_TIME_H 1
| #define HAVE_UNISTD_H 1
| #define HAVE_UTIME_H 1
| #define HAVE_TIME_H 1
| #define HAVE_PWD_H 1
| #define HAVE_PATHS_H 1
| #define HAVE_PTY_H 1
| #define HAVE_SYS_TYPES_H 1
| #define HAVE_SYS_STAT_H 1
| #define HAVE_SYS_WAIT_H 1
| #define HAVE_LIMITS_H 1
| #define HAVE_SIGNAL_H 1
| #define HAVE_CURSES_H 1
| #define HAVE_TERM_H 1
| #define HAVE_UTMP_H 1
| #define HAVE_SELINUX_SELINUX_H 1
| #define HAVE_SELINUX_CONTEXT_H 1
| #define HAVE_SELINUX 1
| #define PROTOTYPES 1
| #define __PROTOTYPES 1
| #define HAVE_LONG_LONG 1
| #define SIZEOF_CHAR 1
| #define SIZEOF_SHORT 2
| #define SIZEOF_INT 4
| #define SIZEOF_LONG 8
| #define SIZEOF_LONG_LONG 8
| #define SIZEOF_VOID_P 8
| #define LSTAT_FOLLOWS_SLASHED_SYMLINK 1
| #define SETPGRP_VOID 1
| /* end confdefs.h.  */
| #include <stddef.h>
| #ifdef HAVE_STDIO_H
| # include <stdio.h>
| #endif
| #ifdef HAVE_STDLIB_H
| # include <stdlib.h>
| #endif
| #ifdef HAVE_STRING_H
| # include <string.h>
| #endif
| #ifdef HAVE_INTTYPES_H
| # include <inttypes.h>
| #endif
| #ifdef HAVE_STDINT_H
| # include <stdint.h>
| #endif
| #ifdef HAVE_STRINGS_H
| # include <strings.h>
| #endif
| #ifdef HAVE_SYS_TYPES_H
| # include <sys/types.h>
| #endif
| #ifdef HAVE_SYS_STAT_H
| # include <sys/stat.h>
| #endif
| #ifdef HAVE_UNISTD_H
| # include <unistd.h>
| #endif
| 
| int
| main (void)
| {
| if (sizeof ((pid_t)))
| 	    return 0;
|   ;
|   return 0;
| }
configure:6608: result: yes
configure:6644: checking for size_t
configure:6644: gcc -c -g -O2  conftest.c >&5
configure:6644: $? = 0
configure:6644: gcc -c -g -O2  conftest.c >&5
conftest.c: In function 'main':
conftest.c:86:21: error: expected expression before ')' token
   86 | if (sizeof ((size_t)))
      |                     ^
configure:6644: $? = 1
configure: failed program was:
| /* confdefs.h */
| #define PACKAGE_NAME "joe"
| #define PACKAGE_TARNAME "joe"
| #define PACKAGE_VERSION "4.0"
| #define PACKAGE_STRING "joe 4.0"
| #define PACKAGE_BUGREPORT ""
| #define PACKAGE_URL ""
| #define PACKAGE "joe"
| #define VERSION "4.0"
| #define HAVE_OPENPTY 1
| #define HAVE_LOGIN_TTY 1
| #define TERMINFO 1
| #define HAVE_SNPRINTF 1
| #define HAVE_DIRENT_H 1
| #define HAVE_POSIX_TERMIOS 1
| #define GWINSZ_IN_SYS_IOCTL 1
| #define HAVE_ERRNO_H 1
| #define HAVE_FCNTL_H 1
| #define HAVE_LOCALE_H 1
| #define HAVE_SGTTY_H 1
| #define HAVE_STDLIB_H 1
| #define HAVE_STRING_H 1
| #define HAVE_SYS_IOCTL_H 1
| #define HAVE_SYS_PARAM_H 1
| #define HAVE_SYS_TIME_H 1
| #define HAVE_UNISTD_H 1
| #define HAVE_UTIME_H 1
| #define HAVE_TIME_H 1
| #define HAVE_PWD_H 1
| #define HAVE_PATHS_H 1
| #define HAVE_PTY_H 1
| #define HAVE_SYS_TYPES_H 1
| #define HAVE_SYS_STAT_H 1
| #define HAVE_SYS_WAIT_H 1
| #define HAVE_LIMITS_H 1
| #define HAVE_SIGNAL_H 1
| #define HAVE_CURSES_H 1
| #define HAVE_TERM_H 1
| #define HAVE_UTMP_H 1
| #define HAVE_SELINUX_SELINUX_H 1
| #define HAVE_SELINUX_CONTEXT_H 1
| #define HAVE_SELINUX 1
| #define PROTOTYPES 1
| #define __PROTOTYPES 1
| #define HAVE_LONG_LONG 1
| #define SIZEOF_CHAR 1
| #define SIZEOF_SHORT 2
| #define SIZEOF_INT 4
| #define SIZEOF_LONG 8
| #define SIZEOF_LONG_LONG 8
| #define SIZEOF_VOID_P 8
| #define LSTAT_FOLLOWS_SLASHED_SYMLINK 1
| #define SETPGRP_VOID 1
| /* end confdefs.h.  */
| #include <stddef.h>
| #ifdef HAVE_STDIO_H
| # include <stdio.h>
| #endif
| #ifdef HAVE_STDLIB_H
| # include <stdlib.h>
| #endif
| #ifdef HAVE_STRING_H
| # include <string.h>
| #endif
| #ifdef HAVE_INTTYPES_H
| # include <inttypes.h>
| #endif
| #ifdef HAVE_STDINT_H
| # include <stdint.h>
| #endif
| #ifdef HAVE_STRINGS_H
| # include <strings.h>
| #endif
| #ifdef HAVE_SYS_TYPES_H
| # include <sys/types.h>
| #endif
| #ifdef HAVE_SYS_STAT_H
| # include <sys/stat.h>
| #endif
| #ifdef HAVE_UNISTD_H
| # include <unistd.h>
| #endif
| int
| main (void)
| {
| if (sizeof ((size_t)))
| 	    return 0;
|   ;
|   return 0;
| }
configure:6644: result: yes
configure:6654: checking for off_t
configure:6654: gcc -c -g -O2  conftest.c >&5
configure:6654: $? = 0
configure:6654: gcc -c -g -O2  conftest.c >&5
conftest.c: In function 'main':
conftest.c:86:20: error: expected expression before ')' token
   86 | if (sizeof ((off_t)))
      |                    ^
configure:6654: $? = 1
configure: failed program was:
| /* confdefs.h */
| #define PACKAGE_NAME "joe"
| #define PACKAGE_TARNAME "joe"
| #define PACKAGE_VERSION "4.0"
| #define PACKAGE_STRING "joe 4.0"
| #define PACKAGE_BUGREPORT ""
| #define PACKAGE_URL ""
| #define PACKAGE "joe"
| #define VERSION "4.0"
| #define HAVE_OPENPTY 1
| #define HAVE_LOGIN_TTY 1
| #define TERMINFO 1
| #define HAVE_SNPRINTF 1
| #define HAVE_DIRENT_H 1
| #define HAVE_POSIX_TERMIOS 1
| #define GWINSZ_IN_SYS_IOCTL 1
| #define HAVE_ERRNO_H 1
| #define HAVE_FCNTL_H 1
| #define HAVE_LOCALE_H 1
| #define HAVE_SGTTY_H 1
| #define HAVE_STDLIB_H 1
| #define HAVE_STRING_H 1
| #define HAVE_SYS_IOCTL_H 1
| #define HAVE_SYS_PARAM_H 1
| #define HAVE_SYS_TIME_H 1
| #define HAVE_UNISTD_H 1
| #define HAVE_UTIME_H 1
| #define HAVE_TIME_H 1
| #define HAVE_PWD_H 1
| #define HAVE_PATHS_H 1
| #define HAVE_PTY_H 1
| #define HAVE_SYS_TYPES_H 1
| #define HAVE_SYS_STAT_H 1
| #define HAVE_SYS_WAIT_H 1
| #define HAVE_LIMITS_H 1
| #define HAVE_SIGNAL_H 1
| #define HAVE_CURSES_H 1
| #define HAVE_TERM_H 1
| #define HAVE_UTMP_H 1
| #define HAVE_SELINUX_SELINUX_H 1
| #define HAVE_SELINUX_CONTEXT_H 1
| #define HAVE_SELINUX 1
| #define PROTOTYPES 1
| #define __PROTOTYPES 1
| #define HAVE_LONG_LONG 1
| #define SIZEOF_CHAR 1
| #define SIZEOF_SHORT 2
| #define SIZEOF_INT 4
| #define SIZEOF_LONG 8
| #define SIZEOF_LONG_LONG 8
| #define SIZEOF_VOID_P 8
| #define LSTAT_FOLLOWS_SLASHED_SYMLINK 1
| #define SETPGRP_VOID 1
| /* end confdefs.h.  */
| #include <stddef.h>
| #ifdef HAVE_STDIO_H
| # include <stdio.h>
| #endif
| #ifdef HAVE_STDLIB_H
| # include <stdlib.h>
| #endif
| #ifdef HAVE_STRING_H
| # include <string.h>
| #endif
| #ifdef HAVE_INTTYPES_H
| # include <inttypes.h>
| #endif
| #ifdef HAVE_STDINT_H
| # include <stdint.h>
| #endif
| #ifdef HAVE_STRINGS_H
| # include <strings.h>
| #endif
| #ifdef HAVE_SYS_TYPES_H
| # include <sys/types.h>
| #endif
| #ifdef HAVE_SYS_STAT_H
| # include <sys/stat.h>
| #endif
| #ifdef HAVE_UNISTD_H
| # include <unistd.h>
| #endif
| int
| main (void)
| {
| if (sizeof ((off_t)))
| 	    return 0;
|   ;
|   return 0;
| }
configure:6654: result: yes
configure:6668: checking size of off_t
configure:6674: gcc -o conftest -g -O2   conftest.c -lncurses  >&5
configure:6674: $? = 0
configure:6674: ./conftest
configure:6674: $? = 0
configure:6689: result: 8
configure:6697: checking for ssize_t
configure:6697: gcc -c -g -O2  conftest.c >&5
configure:6697: $? = 0
configure:6697: gcc -c -g -O2  conftest.c >&5
conftest.c: In function 'main':
conftest.c:87:22: error: expected expression before ')' token
   87 | if (sizeof ((ssize_t)))
      |                      ^
configure:6697: $? = 1
configure: failed program was:
| /* confdefs.h */
| #define PACKAGE_NAME "joe"
| #define PACKAGE_TARNAME "joe"
| #define PACKAGE_VERSION "4.0"
| #define PACKAGE_STRING "joe 4.0"
| #define PACKAGE_BUGREPORT ""
| #define PACKAGE_URL ""
| #define PACKAGE "joe"
| #define VERSION "4.0"
| #define HAVE_OPENPTY 1
| #define HAVE_LOGIN_TTY 1
| #define TERMINFO 1
| #define HAVE_SNPRINTF 1
| #define HAVE_DIRENT_H 1
| #define HAVE_POSIX_TERMIOS 1
| #define GWINSZ_IN_SYS_IOCTL 1
| #define HAVE_ERRNO_H 1
| #define HAVE_FCNTL_H 1
| #define HAVE_LOCALE_H 1
| #define HAVE_SGTTY_H 1
| #define HAVE_STDLIB_H 1
| #define HAVE_STRING_H 1
| #define HAVE_SYS_IOCTL_H 1
| #define HAVE_SYS_PARAM_H 1
| #define HAVE_SYS_TIME_H 1
| #define HAVE_UNISTD_H 1
| #define HAVE_UTIME_H 1
| #define HAVE_TIME_H 1
| #define HAVE_PWD_H 1
| #define HAVE_PATHS_H 1
| #define HAVE_PTY_H 1
| #define HAVE_SYS_TYPES_H 1
| #define HAVE_SYS_STAT_H 1
| #define HAVE_SYS_WAIT_H 1
| #define HAVE_LIMITS_H 1
| #define HAVE_SIGNAL_H 1
| #define HAVE_CURSES_H 1
| #define HAVE_TERM_H 1
| #define HAVE_UTMP_H 1
| #define HAVE_SELINUX_SELINUX_H 1
| #define HAVE_SELINUX_CONTEXT_H 1
| #define HAVE_SELINUX 1
| #define PROTOTYPES 1
| #define __PROTOTYPES 1
| #define HAVE_LONG_LONG 1
| #define SIZEOF_CHAR 1
| #define SIZEOF_SHORT 2
| #define SIZEOF_INT 4
| #define SIZEOF_LONG 8
| #define SIZEOF_LONG_LONG 8
| #define SIZEOF_VOID_P 8
| #define LSTAT_FOLLOWS_SLASHED_SYMLINK 1
| #define SETPGRP_VOID 1
| #define SIZEOF_OFF_T 8
| /* end confdefs.h.  */
| #include <stddef.h>
| #ifdef HAVE_STDIO_H
| # include <stdio.h>
| #endif
| #ifdef HAVE_STDLIB_H
| # include <stdlib.h>
| #endif
| #ifdef HAVE_STRING_H
| # include <string.h>
| #endif
| #ifdef HAVE_INTTYPES_H
| # include <inttypes.h>
| #endif
| #ifdef HAVE_STDINT_H
| # include <stdint.h>
| #endif
| #ifdef HAVE_STRINGS_H
| # include <strings.h>
| #endif
| #ifdef HAVE_SYS_TYPES_H
| # include <sys/types.h>
| #endif
| #ifdef HAVE_SYS_STAT_H
| # include <sys/stat.h>
| #endif
| #ifdef HAVE_UNISTD_H
| # include <unistd.h>
| #endif
| int
| main (void)
| {
| if (sizeof ((ssize_t)))
| 	    return 0;
|   ;
|   return 0;
| }
configure:6697: result: yes
configure:6709: checking return type of signal handlers
configure:6728: gcc -c -g -O2  conftest.c >&5
conftest.c: In function 'main':
conftest.c:62:10: error: void value not ignored as it ought to be
   62 | return *(signal (0, 0)) (0) == 1;
      |         ~^~~~~~~~~~~~~~~~~~
configure:6728: $? = 1
configure: failed program was:
| /* confdefs.h */
| #define PACKAGE_NAME "joe"
| #define PACKAGE_TARNAME "joe"
| #define PACKAGE_VERSION "4.0"
| #define PACKAGE_STRING "joe 4.0"
| #define PACKAGE_BUGREPORT ""
| #define PACKAGE_URL ""
| #define PACKAGE "joe"
| #define VERSION "4.0"
| #define HAVE_OPENPTY 1
| #define HAVE_LOGIN_TTY 1
| #define TERMINFO 1
| #define HAVE_SNPRINTF 1
| #define HAVE_DIRENT_H 1
| #define HAVE_POSIX_TERMIOS 1
| #define GWINSZ_IN_SYS_IOCTL 1
| #define HAVE_ERRNO_H 1
| #define HAVE_FCNTL_H 1
| #define HAVE_LOCALE_H 1
| #define HAVE_SGTTY_H 1
| #define HAVE_STDLIB_H 1
| #define HAVE_STRING_H 1
| #define HAVE_SYS_IOCTL_H 1
| #define HAVE_SYS_PARAM_H 1
| #define HAVE_SYS_TIME_H 1
| #define HAVE_UNISTD_H 1
| #define HAVE_UTIME_H 1
| #define HAVE_TIME_H 1
| #define HAVE_PWD_H 1
| #define HAVE_PATHS_H 1
| #define HAVE_PTY_H 1
| #define HAVE_SYS_TYPES_H 1
| #define HAVE_SYS_STAT_H 1
| #define HAVE_SYS_WAIT_H 1
| #define HAVE_LIMITS_H 1
| #define HAVE_SIGNAL_H 1
| #define HAVE_CURSES_H 1
| #define HAVE_TERM_H 1
| #define HAVE_UTMP_H 1
| #define HAVE_SELINUX_SELINUX_H 1
| #define HAVE_SELINUX_CONTEXT_H 1
| #define HAVE_SELINUX 1
| #define PROTOTYPES 1
| #define __PROTOTYPES 1
| #define HAVE_LONG_LONG 1
| #define SIZEOF_CHAR 1
| #define SIZEOF_SHORT 2
| #define SIZEOF_INT 4
| #define SIZEOF_LONG 8
| #define SIZEOF_LONG_LONG 8
| #define SIZEOF_VOID_P 8
| #define LSTAT_FOLLOWS_SLASHED_SYMLINK 1
| #define SETPGRP_VOID 1
| #define SIZEOF_OFF_T 8
| /* end confdefs.h.  */
| #include <sys/types.h>
| #include <signal.h>
| 
| int
| main (void)
| {
| return *(signal (0, 0)) (0) == 1;
|   ;
|   return 0;
| }
configure:6736: result: void
configure:6742: checking whether stat accepts an empty string
configure:6764: gcc -o conftest -g -O2   conftest.c -lncurses  >&5
configure:6764: $? = 0
configure:6764: ./conftest
configure:6764: $? = 0
configure:6775: result: no
configure:6794: checking for fork
configure:6794: gcc -o conftest -g -O2   conftest.c -lncurses  >&5
conftest.c:73:6: warning: conflicting types for built-in function 'fork'; expected 'int(void)' [-Wbuiltin-declaration-mismatch]
   73 | char fork ();
      |      ^~~~
configure:6794: $? = 0
configure:6794: result: yes
configure:6794: checking for vfork
configure:6794: gcc -o conftest -g -O2   conftest.c -lncurses  >&5
configure:6794: $? = 0
configure:6794: result: yes
configure:6807: checking for working fork
configure:6831: gcc -o conftest -g -O2   conftest.c -lncurses  >&5
configure:6831: $? = 0
configure:6831: ./conftest
configure:6831: $? = 0
configure:6842: result: yes
configure:6863: checking for working vfork
configure:6992: result: yes
configure:7017: checking for getcwd
configure:7017: gcc -o conftest -g -O2   conftest.c -lncurses  >&5
configure:7017: $? = 0
configure:7017: result: yes
configure:7023: checking for getwd
configure:7023: gcc -o conftest -g -O2   conftest.c -lncurses  >&5
/usr/bin/ld: /tmp/ccL4Gikd.o: in function `main':
/home/ben/joe-build/joe-editor/conftest.c:89: warning: the `getwd' function is dangerous and should not be used.
configure:7023: $? = 0
configure:7023: result: yes
configure:7035: checking for isblank
configure:7035: gcc -o conftest -g -O2   conftest.c -lncurses  >&5
conftest.c:79:6: warning: conflicting types for built-in function 'isblank'; expected 'int(int)' [-Wbuiltin-declaration-mismatch]
   79 | char isblank ();
      |      ^~~~~~~
conftest.c:71:1: note: 'isblank' is declared in header '<ctype.h>'
   70 | #include <limits.h>
   71 | #undef isblank
configure:7035: $? = 0
configure:7035: result: yes
configure:7043: checking whether isblank() works correctly with side effect expressions
configure:7064: gcc -o conftest -g -O2   conftest.c -lncurses  >&5
conftest.c: In function 'main':
conftest.c:69:3: warning: implicit declaration of function 'exit' [-Wimplicit-function-declaration]
   69 |   exit(a != 1);
      |   ^~~~
conftest.c:66:1: note: include '<stdlib.h>' or provide a declaration of 'exit'
   65 | #include <ctype.h>
  +++ |+#include <stdlib.h>
   66 | int main() {
conftest.c:69:3: warning: incompatible implicit declaration of built-in function 'exit' [-Wbuiltin-declaration-mismatch]
   69 |   exit(a != 1);
      |   ^~~~
conftest.c:69:3: note: include '<stdlib.h>' or provide a declaration of 'exit'
configure:7064: $? = 0
configure:7064: ./conftest
configure:7064: $? = 0
configure:7076: result: yes
configure:7085: checking for alarm
configure:7085: gcc -o conftest -g -O2   conftest.c -lncurses  >&5
configure:7085: $? = 0
configure:7085: result: yes
configure:7091: checking for mkdir
configure:7091: gcc -o conftest -g -O2   conftest.c -lncurses  >&5
configure:7091: $? = 0
configure:7091: result: yes
configure:7097: checking for mkstemp
configure:7097: gcc -o conftest -g -O2   conftest.c -lncurses  >&5
configure:7097: $? = 0
configure:7097: result: yes
configure:7103: checking for putenv
configure:7103: gcc -o conftest -g -O2   conftest.c -lncurses  >&5
configure:7103: $? = 0
configure:7103: result: yes
configure:7109: checking for setlocale
configure:7109: gcc -o conftest -g -O2   conftest.c -lncurses  >&5
configure:7109: $? = 0
configure:7109: result: yes
configure:7115: checking for strchr
configure:7115: gcc -o conftest -g -O2   conftest.c -lncurses  >&5
conftest.c:86:6: warning: conflicting types for built-in function 'strchr'; expected 'char *(const char *, int)' [-Wbuiltin-declaration-mismatch]
   86 | char strchr ();
      |      ^~~~~~
conftest.c:78:1: note: 'strchr' is declared in header '<string.h>'
   77 | #include <limits.h>
   78 | #undef strchr
configure:7115: $? = 0
configure:7115: result: yes
configure:7121: checking for strdup
configure:7121: gcc -o conftest -g -O2   conftest.c -lncurses  >&5
conftest.c:87:6: warning: conflicting types for built-in function 'strdup'; expected 'char *(const char *)' [-Wbuiltin-declaration-mismatch]
   87 | char strdup ();
      |      ^~~~~~
configure:7121: $? = 0
configure:7121: result: yes
configure:7127: checking for utime
configure:7127: gcc -o conftest -g -O2   conftest.c -lncurses  >&5
configure:7127: $? = 0
configure:7127: result: yes
configure:7133: checking for setpgid
configure:7133: gcc -o conftest -g -O2   conftest.c -lncurses  >&5
configure:7133: $? = 0
configure:7133: result: yes
configure:7140: checking for setitimer
configure:7140: gcc -o conftest -g -O2   conftest.c -lncurses  >&5
configure:7140: $? = 0
configure:7140: result: yes
configure:7146: checking for sigaction
configure:7146: gcc -o conftest -g -O2   conftest.c -lncurses  >&5
configure:7146: $? = 0
configure:7146: result: yes
configure:7152: checking for sigvec
configure:7152: gcc -o conftest -g -O2   conftest.c -lncurses  >&5
/usr/bin/ld: /tmp/ccKfD4T7.o: in function `main':
/home/ben/joe-build/joe-editor/conftest.c:103: undefined reference to `sigvec'
collect2: error: ld returned 1 exit status
configure:7152: $? = 1
configure: failed program was:
| /* confdefs.h */
| #define PACKAGE_NAME "joe"
| #define PACKAGE_TARNAME "joe"
| #define PACKAGE_VERSION "4.0"
| #define PACKAGE_STRING "joe 4.0"
| #define PACKAGE_BUGREPORT ""
| #define PACKAGE_URL ""
| #define PACKAGE "joe"
| #define VERSION "4.0"
| #define HAVE_OPENPTY 1
| #define HAVE_LOGIN_TTY 1
| #define TERMINFO 1
| #define HAVE_SNPRINTF 1
| #define HAVE_DIRENT_H 1
| #define HAVE_POSIX_TERMIOS 1
| #define GWINSZ_IN_SYS_IOCTL 1
| #define HAVE_ERRNO_H 1
| #define HAVE_FCNTL_H 1
| #define HAVE_LOCALE_H 1
| #define HAVE_SGTTY_H 1
| #define HAVE_STDLIB_H 1
| #define HAVE_STRING_H 1
| #define HAVE_SYS_IOCTL_H 1
| #define HAVE_SYS_PARAM_H 1
| #define HAVE_SYS_TIME_H 1
| #define HAVE_UNISTD_H 1
| #define HAVE_UTIME_H 1
| #define HAVE_TIME_H 1
| #define HAVE_PWD_H 1
| #define HAVE_PATHS_H 1
| #define HAVE_PTY_H 1
| #define HAVE_SYS_TYPES_H 1
| #define HAVE_SYS_STAT_H 1
| #define HAVE_SYS_WAIT_H 1
| #define HAVE_LIMITS_H 1
| #define HAVE_SIGNAL_H 1
| #define HAVE_CURSES_H 1
| #define HAVE_TERM_H 1
| #define HAVE_UTMP_H 1
| #define HAVE_SELINUX_SELINUX_H 1
| #define HAVE_SELINUX_CONTEXT_H 1
| #define HAVE_SELINUX 1
| #define PROTOTYPES 1
| #define __PROTOTYPES 1
| #define HAVE_LONG_LONG 1
| #define SIZEOF_CHAR 1
| #define SIZEOF_SHORT 2
| #define SIZEOF_INT 4
| #define SIZEOF_LONG 8
| #define SIZEOF_LONG_LONG 8
| #define SIZEOF_VOID_P 8
| #define LSTAT_FOLLOWS_SLASHED_SYMLINK 1
| #define SETPGRP_VOID 1
| #define SIZEOF_OFF_T 8
| #define RETSIGTYPE void
| #define HAVE_FORK 1
| #define HAVE_VFORK 1
| #define HAVE_WORKING_VFORK 1
| #define HAVE_WORKING_FORK 1
| #define HAVE_GETCWD 1
| #define HAVE_GETWD 1
| #define HAVE_ISBLANK 1
| #define HAVE_WORKING_ISBLANK 1
| #define HAVE_ALARM 1
| #define HAVE_MKDIR 1
| #define HAVE_MKSTEMP 1
| #define HAVE_PUTENV 1
| #define HAVE_SETLOCALE 1
| #define HAVE_STRCHR 1
| #define HAVE_STRDUP 1
| #define HAVE_UTIME 1
| #define HAVE_SETPGID 1
| #define HAVE_SETITIMER 1
| #define HAVE_SIGACTION 1
| /* end confdefs.h.  */
| /* Define sigvec to an innocuous variant, in case <limits.h> declares sigvec.
|    For example, HP-UX 11i <limits.h> declares gettimeofday.  */
| #define sigvec innocuous_sigvec
| 
| /* System header to define __stub macros and hopefully few prototypes,
|    which can conflict with char sigvec (); below.  */
| 
| #include <limits.h>
| #undef sigvec
| 
| /* Override any GCC internal prototype to avoid an error.
|    Use char because int might match the return type of a GCC
|    builtin and then its argument prototype would still apply.  */
| #ifdef __cplusplus
| extern "C"
| #endif
| char sigvec ();
| /* The GNU C library defines this for functions which it implements
|     to always fail with ENOSYS.  Some functions are actually named
|     something starting with __ and the normal name is an alias.  */
| #if defined __stub_sigvec || defined __stub___sigvec
| choke me
| #endif
| 
| int
| main (void)
| {
| return sigvec ();
|   ;
|   return 0;
| }
configure:7152: result: no
configure:7158: checking for siginterrupt
configure:7158: gcc -o conftest -g -O2   conftest.c -lncurses  >&5
configure:7158: $? = 0
configure:7158: result: yes
configure:7164: checking for sigprocmask
configure:7164: gcc -o conftest -g -O2   conftest.c -lncurses  >&5
configure:7164: $? = 0
configure:7164: result: yes
configure:7173: checking for library containing sin
configure:7203: gcc -o conftest -g -O2   conftest.c -lncurses  >&5
conftest.c:82:6: warning: conflicting types for built-in function 'sin'; expected 'double(double)' [-Wbuiltin-declaration-mismatch]
   82 | char sin ();
      |      ^~~
conftest.c:1:1: note: 'sin' is declared in header '<math.h>'
    1 | /* confdefs.h */
/usr/bin/ld: /tmp/ccGaGSBp.o: in function `main':
/home/ben/joe-build/joe-editor/conftest.c:86: undefined reference to `sin'
collect2: error: ld returned 1 exit status
configure:7203: $? = 1
configure: failed program was:
| /* confdefs.h */
| #define PACKAGE_NAME "joe"
| #define PACKAGE_TARNAME "joe"
| #define PACKAGE_VERSION "4.0"
| #define PACKAGE_STRING "joe 4.0"
| #define PACKAGE_BUGREPORT ""
| #define PACKAGE_URL ""
| #define PACKAGE "joe"
| #define VERSION "4.0"
| #define HAVE_OPENPTY 1
| #define HAVE_LOGIN_TTY 1
| #define TERMINFO 1
| #define HAVE_SNPRINTF 1
| #define HAVE_DIRENT_H 1
| #define HAVE_POSIX_TERMIOS 1
| #define GWINSZ_IN_SYS_IOCTL 1
| #define HAVE_ERRNO_H 1
| #define HAVE_FCNTL_H 1
| #define HAVE_LOCALE_H 1
| #define HAVE_SGTTY_H 1
| #define HAVE_STDLIB_H 1
| #define HAVE_STRING_H 1
| #define HAVE_SYS_IOCTL_H 1
| #define HAVE_SYS_PARAM_H 1
| #define HAVE_SYS_TIME_H 1
| #define HAVE_UNISTD_H 1
| #define HAVE_UTIME_H 1
| #define HAVE_TIME_H 1
| #define HAVE_PWD_H 1
| #define HAVE_PATHS_H 1
| #define HAVE_PTY_H 1
| #define HAVE_SYS_TYPES_H 1
| #define HAVE_SYS_STAT_H 1
| #define HAVE_SYS_WAIT_H 1
| #define HAVE_LIMITS_H 1
| #define HAVE_SIGNAL_H 1
| #define HAVE_CURSES_H 1
| #define HAVE_TERM_H 1
| #define HAVE_UTMP_H 1
| #define HAVE_SELINUX_SELINUX_H 1
| #define HAVE_SELINUX_CONTEXT_H 1
| #define HAVE_SELINUX 1
| #define PROTOTYPES 1
| #define __PROTOTYPES 1
| #define HAVE_LONG_LONG 1
| #define SIZEOF_CHAR 1
| #define SIZEOF_SHORT 2
| #define SIZEOF_INT 4
| #define SIZEOF_LONG 8
| #define SIZEOF_LONG_LONG 8
| #define SIZEOF_VOID_P 8
| #define LSTAT_FOLLOWS_SLASHED_SYMLINK 1
| #define SETPGRP_VOID 1
| #define SIZEOF_OFF_T 8
| #define RETSIGTYPE void
| #define HAVE_FORK 1
| #define HAVE_VFORK 1
| #define HAVE_WORKING_VFORK 1
| #define HAVE_WORKING_FORK 1
| #define HAVE_GETCWD 1
| #define HAVE_GETWD 1
| #define HAVE_ISBLANK 1
| #define HAVE_WORKING_ISBLANK 1
| #define HAVE_ALARM 1
| #define HAVE_MKDIR 1
| #define HAVE_MKSTEMP 1
| #define HAVE_PUTENV 1
| #define HAVE_SETLOCALE 1
| #define HAVE_STRCHR 1
| #define HAVE_STRDUP 1
| #define HAVE_UTIME 1
| #define HAVE_SETPGID 1
| #define HAVE_SETITIMER 1
| #define HAVE_SIGACTION 1
| #define HAVE_SIGINTERRUPT 1
| #define HAVE_SIGPROCMASK 1
| /* end confdefs.h.  */
| 
| /* Override any GCC internal prototype to avoid an error.
|    Use char because int might match the return type of a GCC
|    builtin and then its argument prototype would still apply.  */
| char sin ();
| int
| main (void)
| {
| return sin ();
|   ;
|   return 0;
| }
configure:7203: gcc -o conftest -g -O2   conftest.c -lm  -lncurses  >&5
conftest.c:82:6: warning: conflicting types for built-in function 'sin'; expected 'double(double)' [-Wbuiltin-declaration-mismatch]
   82 | char sin ();
      |      ^~~
conftest.c:1:1: note: 'sin' is declared in header '<math.h>'
    1 | /* confdefs.h */
configure:7203: $? = 0
configure:7223: result: -lm
configure:7234: checking for library containing cos
configure:7264: gcc -o conftest -g -O2   conftest.c -lm -lncurses  >&5
conftest.c:83:6: warning: conflicting types for built-in function 'cos'; expected 'double(double)' [-Wbuiltin-declaration-mismatch]
   83 | char cos ();
      |      ^~~
conftest.c:1:1: note: 'cos' is declared in header '<math.h>'
    1 | /* confdefs.h */
configure:7264: $? = 0
configure:7284: result: none required
configure:7295: checking for library containing tan
configure:7325: gcc -o conftest -g -O2   conftest.c -lm -lncurses  >&5
conftest.c:84:6: warning: conflicting types for built-in function 'tan'; expected 'double(double)' [-Wbuiltin-declaration-mismatch]
   84 | char tan ();
      |      ^~~
conftest.c:1:1: note: 'tan' is declared in header '<math.h>'
    1 | /* confdefs.h */
configure:7325: $? = 0
configure:7345: result: none required
configure:7356: checking for library containing exp
configure:7386: gcc -o conftest -g -O2   conftest.c -lm -lncurses  >&5
conftest.c:85:6: warning: conflicting types for built-in function 'exp'; expected 'double(double)' [-Wbuiltin-declaration-mismatch]
   85 | char exp ();
      |      ^~~
conftest.c:1:1: note: 'exp' is declared in header '<math.h>'
    1 | /* confdefs.h */
configure:7386: $? = 0
configure:7406: result: none required
configure:7417: checking for library containing sqrt
configure:7447: gcc -o conftest -g -O2   conftest.c -lm -lncurses  >&5
conftest.c:86:6: warning: conflicting types for built-in function 'sqrt'; expected 'double(double)' [-Wbuiltin-declaration-mismatch]
   86 | char sqrt ();
      |      ^~~~
conftest.c:1:1: note: 'sqrt' is declared in header '<math.h>'
    1 | /* confdefs.h */
configure:7447: $? = 0
configure:7467: result: none required
configure:7478: checking for library containing cbrt
configure:7508: gcc -o conftest -g -O2   conftest.c -lm -lncurses  >&5
conftest.c:87:6: warning: conflicting types for built-in function 'cbrt'; expected 'double(double)' [-Wbuiltin-declaration-mismatch]
   87 | char cbrt ();
      |      ^~~~
conftest.c:1:1: note: 'cbrt' is declared in header '<math.h>'
    1 | /* confdefs.h */
configure:7508: $? = 0
configure:7528: result: none required
configure:7539: checking for library containing log
configure:7569: gcc -o conftest -g -O2   conftest.c -lm -lncurses  >&5
conftest.c:88:6: warning: conflicting types for built-in function 'log'; expected 'double(double)' [-Wbuiltin-declaration-mismatch]
   88 | char log ();
      |      ^~~
conftest.c:1:1: note: 'log' is declared in header '<math.h>'
    1 | /* confdefs.h */
configure:7569: $? = 0
configure:7589: result: none required
configure:7600: checking for library containing log10
configure:7630: gcc -o conftest -g -O2   conftest.c -lm -lncurses  >&5
conftest.c:89:6: warning: conflicting types for built-in function 'log10'; expected 'double(double)' [-Wbuiltin-declaration-mismatch]
   89 | char log10 ();
      |      ^~~~~
conftest.c:1:1: note: 'log10' is declared in header '<math.h>'
    1 | /* confdefs.h */
configure:7630: $? = 0
configure:7650: result: none required
configure:7661: checking for library containing asin
configure:7691: gcc -o conftest -g -O2   conftest.c -lm -lncurses  >&5
conftest.c:90:6: warning: conflicting types for built-in function 'asin'; expected 'double(double)' [-Wbuiltin-declaration-mismatch]
   90 | char asin ();
      |      ^~~~
conftest.c:1:1: note: 'asin' is declared in header '<math.h>'
    1 | /* confdefs.h */
configure:7691: $? = 0
configure:7711: result: none required
configure:7722: checking for library containing acos
configure:7752: gcc -o conftest -g -O2   conftest.c -lm -lncurses  >&5
conftest.c:91:6: warning: conflicting types for built-in function 'acos'; expected 'double(double)' [-Wbuiltin-declaration-mismatch]
   91 | char acos ();
      |      ^~~~
conftest.c:1:1: note: 'acos' is declared in header '<math.h>'
    1 | /* confdefs.h */
configure:7752: $? = 0
configure:7772: result: none required
configure:7783: checking for library containing atan
configure:7813: gcc -o conftest -g -O2   conftest.c -lm -lncurses  >&5
conftest.c:92:6: warning: conflicting types for built-in function 'atan'; expected 'double(double)' [-Wbuiltin-declaration-mismatch]
   92 | char atan ();
      |      ^~~~
conftest.c:1:1: note: 'atan' is declared in header '<math.h>'
    1 | /* confdefs.h */
configure:7813: $? = 0
configure:7833: result: none required
configure:7844: checking for library containing sinh
configure:7874: gcc -o conftest -g -O2   conftest.c -lm -lncurses  >&5
conftest.c:93:6: warning: conflicting types for built-in function 'sinh'; expected 'double(double)' [-Wbuiltin-declaration-mismatch]
   93 | char sinh ();
      |      ^~~~
conftest.c:1:1: note: 'sinh' is declared in header '<math.h>'
    1 | /* confdefs.h */
configure:7874: $? = 0
configure:7894: result: none required
configure:7905: checking for library containing cosh
configure:7935: gcc -o conftest -g -O2   conftest.c -lm -lncurses  >&5
conftest.c:94:6: warning: conflicting types for built-in function 'cosh'; expected 'double(double)' [-Wbuiltin-declaration-mismatch]
   94 | char cosh ();
      |      ^~~~
conftest.c:1:1: note: 'cosh' is declared in header '<math.h>'
    1 | /* confdefs.h */
configure:7935: $? = 0
configure:7955: result: none required
configure:7966: checking for library containing tanh
configure:7996: gcc -o conftest -g -O2   conftest.c -lm -lncurses  >&5
conftest.c:95:6: warning: conflicting types for built-in function 'tanh'; expected 'double(double)' [-Wbuiltin-declaration-mismatch]
   95 | char tanh ();
      |      ^~~~
conftest.c:1:1: note: 'tanh' is declared in header '<math.h>'
    1 | /* confdefs.h */
configure:7996: $? = 0
configure:8016: result: none required
configure:8027: checking for library containing asinh
configure:8057: gcc -o conftest -g -O2   conftest.c -lm -lncurses  >&5
conftest.c:96:6: warning: conflicting types for built-in function 'asinh'; expected 'double(double)' [-Wbuiltin-declaration-mismatch]
   96 | char asinh ();
      |      ^~~~~
conftest.c:1:1: note: 'asinh' is declared in header '<math.h>'
    1 | /* confdefs.h */
configure:8057: $? = 0
configure:8077: result: none required
configure:8088: checking for library containing acosh
configure:8118: gcc -o conftest -g -O2   conftest.c -lm -lncurses  >&5
conftest.c:97:6: warning: conflicting types for built-in function 'acosh'; expected 'double(double)' [-Wbuiltin-declaration-mismatch]
   97 | char acosh ();
      |      ^~~~~
conftest.c:1:1: note: 'acosh' is declared in header '<math.h>'
    1 | /* confdefs.h */
configure:8118: $? = 0
configure:8138: result: none required
configure:8149: checking for library containing atanh
configure:8179: gcc -o conftest -g -O2   conftest.c -lm -lncurses  >&5
conftest.c:98:6: warning: conflicting types for built-in function 'atanh'; expected 'double(double)' [-Wbuiltin-declaration-mismatch]
   98 | char atanh ();
      |      ^~~~~
conftest.c:1:1: note: 'atanh' is declared in header '<math.h>'
    1 | /* confdefs.h */
configure:8179: $? = 0
configure:8199: result: none required
configure:8210: checking for library containing floor
configure:8240: gcc -o conftest -g -O2   conftest.c -lm -lncurses  >&5
conftest.c:99:6: warning: conflicting types for built-in function 'floor'; expected 'double(double)' [-Wbuiltin-declaration-mismatch]
   99 | char floor ();
      |      ^~~~~
conftest.c:1:1: note: 'floor' is declared in header '<math.h>'
    1 | /* confdefs.h */
configure:8240: $? = 0
configure:8260: result: none required
configure:8271: checking for library containing ceil
configure:8301: gcc -o conftest -g -O2   conftest.c -lm -lncurses  >&5
conftest.c:100:6: warning: conflicting types for built-in function 'ceil'; expected 'double(double)' [-Wbuiltin-declaration-mismatch]
  100 | char ceil ();
      |      ^~~~
conftest.c:1:1: note: 'ceil' is declared in header '<math.h>'
    1 | /* confdefs.h */
configure:8301: $? = 0
configure:8321: result: none required
configure:8332: checking for library containing fabs
configure:8362: gcc -o conftest -g -O2   conftest.c -lm -lncurses  >&5
conftest.c:101:6: warning: conflicting types for built-in function 'fabs'; expected 'double(double)' [-Wbuiltin-declaration-mismatch]
  101 | char fabs ();
      |      ^~~~
conftest.c:1:1: note: 'fabs' is declared in header '<math.h>'
    1 | /* confdefs.h */
configure:8362: $? = 0
configure:8382: result: none required
configure:8393: checking for library containing erf
configure:8423: gcc -o conftest -g -O2   conftest.c -lm -lncurses  >&5
conftest.c:102:6: warning: conflicting types for built-in function 'erf'; expected 'double(double)' [-Wbuiltin-declaration-mismatch]
  102 | char erf ();
      |      ^~~
conftest.c:1:1: note: 'erf' is declared in header '<math.h>'
    1 | /* confdefs.h */
configure:8423: $? = 0
configure:8443: result: none required
configure:8454: checking for library containing erfc
configure:8484: gcc -o conftest -g -O2   conftest.c -lm -lncurses  >&5
conftest.c:103:6: warning: conflicting types for built-in function 'erfc'; expected 'double(double)' [-Wbuiltin-declaration-mismatch]
  103 | char erfc ();
      |      ^~~~
conftest.c:1:1: note: 'erfc' is declared in header '<math.h>'
    1 | /* confdefs.h */
configure:8484: $? = 0
configure:8504: result: none required
configure:8515: checking for library containing j0
configure:8545: gcc -o conftest -g -O2   conftest.c -lm -lncurses  >&5
conftest.c:104:6: warning: conflicting types for built-in function 'j0'; expected 'double(double)' [-Wbuiltin-declaration-mismatch]
  104 | char j0 ();
      |      ^~
configure:8545: $? = 0
configure:8565: result: none required
configure:8576: checking for library containing j1
configure:8606: gcc -o conftest -g -O2   conftest.c -lm -lncurses  >&5
conftest.c:105:6: warning: conflicting types for built-in function 'j1'; expected 'double(double)' [-Wbuiltin-declaration-mismatch]
  105 | char j1 ();
      |      ^~
configure:8606: $? = 0
configure:8626: result: none required
configure:8637: checking for library containing y0
configure:8667: gcc -o conftest -g -O2   conftest.c -lm -lncurses  >&5
conftest.c:106:6: warning: conflicting types for built-in function 'y0'; expected 'double(double)' [-Wbuiltin-declaration-mismatch]
  106 | char y0 ();
      |      ^~
configure:8667: $? = 0
configure:8687: result: none required
configure:8698: checking for library containing y1
configure:8728: gcc -o conftest -g -O2   conftest.c -lm -lncurses  >&5
conftest.c:107:6: warning: conflicting types for built-in function 'y1'; expected 'double(double)' [-Wbuiltin-declaration-mismatch]
  107 | char y1 ();
      |      ^~
configure:8728: $? = 0
configure:8748: result: none required
configure:8760: checking whether sighandlers must be reinstalled
configure:8819: gcc -o conftest -g -O2   conftest.c -lm -lncurses  >&5
conftest.c: In function 'main':
conftest.c:148:9: warning: implicit declaration of function 'exit' [-Wimplicit-function-declaration]
  148 |         exit(nsigint != 2);
      |         ^~~~
conftest.c:110:1: note: include '<stdlib.h>' or provide a declaration of 'exit'
  109 | #include <signal.h>
  +++ |+#include <stdlib.h>
  110 | #endif
conftest.c:148:9: warning: incompatible implicit declaration of built-in function 'exit' [-Wbuiltin-declaration-mismatch]
  148 |         exit(nsigint != 2);
      |         ^~~~
conftest.c:148:9: note: include '<stdlib.h>' or provide a declaration of 'exit'
configure:8819: $? = 0
configure:8819: ./conftest
configure:8819: $? = 0
configure:8831: result: no
configure:8854: checking for aspell
configure:8875: found /usr/bin/aspell
configure:8887: result: aspell
configure:8998: checking that generated files are newer than configure
configure:9004: result: done
configure:9031: creating ./config.status

## ---------------------- ##
## Running config.status. ##
## ---------------------- ##

This file was extended by joe config.status 4.0, which was
generated by GNU Autoconf 2.71.  Invocation command line was

  CONFIG_FILES    = 
  CONFIG_HEADERS  = 
  CONFIG_LINKS    = 
  CONFIG_COMMANDS = 
  $ ./config.status 

on debian

config.status:1025: creating Makefile
config.status:1025: creating joe/Makefile
config.status:1025: creating rc/Makefile
config.status:1025: creating man/Makefile
config.status:1025: creating man/ru/Makefile
config.status:1025: creating syntax/Makefile
config.status:1025: creating po/Makefile
config.status:1025: creating charmaps/klingon
config.status:1025: creating syntax/4gl.jsf
config.status:1025: creating syntax/ada.jsf
config.status:1025: creating syntax/ant.jsf
config.status:1025: creating syntax/asm.jsf
config.status:1025: creating syntax/awk.jsf
config.status:1025: creating syntax/batch.jsf
config.status:1025: creating syntax/c.jsf
config.status:1025: creating syntax/cobol.jsf
config.status:1025: creating syntax/comment_todo.jsf
config.status:1025: creating syntax/conf.jsf
config.status:1025: creating syntax/csharp.jsf
config.status:1025: creating syntax/csh.jsf
config.status:1025: creating syntax/css.jsf
config.status:1025: creating syntax/debian.jsf
config.status:1025: creating syntax/diff.jsf
config.status:1025: creating syntax/elixir.jsf
config.status:1025: creating syntax/erb.jsf
config.status:1025: creating syntax/erlang.jsf
config.status:1025: creating syntax/fortran.jsf
config.status:1025: creating syntax/git-commit.jsf
config.status:1025: creating syntax/go.jsf
config.status:1025: creating syntax/haml.jsf
config.status:1025: creating syntax/haskell.jsf
config.status:1025: creating syntax/html.jsf
config.status:1025: creating syntax/htmlerb.jsf
config.status:1025: creating syntax/ini.jsf
config.status:1025: creating syntax/iptables.jsf
config.status:1025: creating syntax/java.jsf
config.status:1025: creating syntax/joerc.jsf
config.status:1025: creating syntax/js.jsf
config.status:1025: creating syntax/jsf_check.jsf
config.status:1025: creating syntax/jsf.jsf
config.status:1025: creating syntax/json.jsf
config.status:1025: creating syntax/lisp.jsf
config.status:1025: creating syntax/lua.jsf
config.status:1025: creating syntax/m4.jsf
config.status:1025: creating syntax/mail.jsf
config.status:1025: creating syntax/mason.jsf
config.status:1025: creating syntax/matlab.jsf
config.status:1025: creating syntax/md.jsf
config.status:1025: creating syntax/ocaml.jsf
config.status:1025: creating syntax/pascal.jsf
config.status:1025: creating syntax/perl.jsf
config.status:1025: creating syntax/php.jsf
config.status:1025: creating syntax/powershell.jsf
config.status:1025: creating syntax/prolog.jsf
config.status:1025: creating syntax/properties.jsf
config.status:1025: creating syntax/ps.jsf
config.status:1025: creating syntax/puppet.jsf
config.status:1025: creating syntax/python.jsf
config.status:1025: creating syntax/rexx.jsf
config.status:1025: creating syntax/ruby.jsf
config.status:1025: creating syntax/sed.jsf
config.status:1025: creating syntax/sh.jsf
config.status:1025: creating syntax/sieve.jsf
config.status:1025: creating syntax/skill.jsf
config.status:1025: creating syntax/sml.jsf
config.status:1025: creating syntax/spec.jsf
config.status:1025: creating syntax/sql.jsf
config.status:1025: creating syntax/tcl.jsf
config.status:1025: creating syntax/tex.jsf
config.status:1025: creating syntax/troff.jsf
config.status:1025: creating syntax/typescript.jsf
config.status:1025: creating syntax/verilog.jsf
config.status:1025: creating syntax/vhdl.jsf
config.status:1025: creating syntax/whitespace.jsf
config.status:1025: creating syntax/xml.jsf
config.status:1025: creating syntax/yaml.jsf
config.status:1025: creating syntax/filename.jsf
config.status:1025: creating joe/autoconf.h
config.status:1206: joe/autoconf.h is unchanged
config.status:1254: executing depfiles commands
config.status:1331: cd joe       && sed -e '/# am--include-marker/d' Makefile         | make -f - am--depfiles
make: Nothing to be done for 'am--depfiles'.
config.status:1336: $? = 0

## ---------------- ##
## Cache variables. ##
## ---------------- ##

ac_cv_build=x86_64-pc-linux-gnu
ac_cv_c_compiler_gnu=yes
ac_cv_c_const=yes
ac_cv_env_CC_set=
ac_cv_env_CC_value=
ac_cv_env_CFLAGS_set=
ac_cv_env_CFLAGS_value=
ac_cv_env_CPPFLAGS_set=
ac_cv_env_CPPFLAGS_value=
ac_cv_env_CPP_set=
ac_cv_env_CPP_value=
ac_cv_env_LDFLAGS_set=
ac_cv_env_LDFLAGS_value=
ac_cv_env_LIBS_set=
ac_cv_env_LIBS_value=
ac_cv_env_build_alias_set=
ac_cv_env_build_alias_value=
ac_cv_env_host_alias_set=
ac_cv_env_host_alias_value=
ac_cv_env_target_alias_set=
ac_cv_env_target_alias_value=
ac_cv_func_alarm=yes
ac_cv_func_fork=yes
ac_cv_func_fork_works=yes
ac_cv_func_getcwd=yes
ac_cv_func_getwd=yes
ac_cv_func_isblank=yes
ac_cv_func_lstat_dereferences_slashed_symlink=yes
ac_cv_func_lstat_empty_string_bug=no
ac_cv_func_mkdir=yes
ac_cv_func_mkstemp=yes
ac_cv_func_putenv=yes
ac_cv_func_setitimer=yes
ac_cv_func_setlocale=yes
ac_cv_func_setpgid=yes
ac_cv_func_sigaction=yes
ac_cv_func_siginterrupt=yes
ac_cv_func_sigprocmask=yes
ac_cv_func_sigvec=no
ac_cv_func_stat_empty_string_bug=no
ac_cv_func_strchr=yes
ac_cv_func_strdup=yes
ac_cv_func_utime=yes
ac_cv_func_vfork=yes
ac_cv_func_vfork_works=yes
ac_cv_header_curses_h=yes
ac_cv_header_dirent_dirent_h=yes
ac_cv_header_errno_h=yes
ac_cv_header_fcntl_h=yes
ac_cv_header_libutil_h=no
ac_cv_header_limits_h=yes
ac_cv_header_locale_h=yes
ac_cv_header_paths_h=yes
ac_cv_header_pty_h=yes
ac_cv_header_pwd_h=yes
ac_cv_header_selinux_context_h=yes
ac_cv_header_selinux_selinux_h=yes
ac_cv_header_sgtty_h=yes
ac_cv_header_signal_h=yes
ac_cv_header_stdlib_h=yes
ac_cv_header_string_h=yes
ac_cv_header_sys_dirent_h=no
ac_cv_header_sys_ioctl_h=yes
ac_cv_header_sys_param_h=yes
ac_cv_header_sys_stat_h=yes
ac_cv_header_sys_time_h=yes
ac_cv_header_sys_types_h=yes
ac_cv_header_sys_utime_h=no
ac_cv_header_sys_wait_h=yes
ac_cv_header_term_h=yes
ac_cv_header_time_h=yes
ac_cv_header_unistd_h=yes
ac_cv_header_utime_h=yes
ac_cv_header_utmp_h=yes
ac_cv_host=x86_64-pc-linux-gnu
ac_cv_objext=o
ac_cv_path_EGREP='/usr/bin/grep -E'
ac_cv_path_GREP=/usr/bin/grep
ac_cv_path_install='/usr/bin/install -c'
ac_cv_path_mkdir=/usr/bin/mkdir
ac_cv_prog_AWK=mawk
ac_cv_prog_CPP='gcc -E'
ac_cv_prog_SPELL=aspell
ac_cv_prog_ac_ct_CC=gcc
ac_cv_prog_cc_c11=
ac_cv_prog_cc_g=yes
ac_cv_prog_cc_stdc=
ac_cv_prog_gcc_traditional=no
ac_cv_prog_make_make_set=yes
ac_cv_search_acos='none required'
ac_cv_search_acosh='none required'
ac_cv_search_asin='none required'
ac_cv_search_asinh='none required'
ac_cv_search_atan='none required'
ac_cv_search_atanh='none required'
ac_cv_search_cbrt='none required'
ac_cv_search_ceil='none required'
ac_cv_search_cos='none required'
ac_cv_search_cosh='none required'
ac_cv_search_erf='none required'
ac_cv_search_erfc='none required'
ac_cv_search_exp='none required'
ac_cv_search_fabs='none required'
ac_cv_search_floor='none required'
ac_cv_search_j0='none required'
ac_cv_search_j1='none required'
ac_cv_search_log10='none required'
ac_cv_search_log='none required'
ac_cv_search_login_tty='none required'
ac_cv_search_opendir='none required'
ac_cv_search_openpty='none required'
ac_cv_search_sin=-lm
ac_cv_search_sinh='none required'
ac_cv_search_snprintf='none required'
ac_cv_search_sqrt='none required'
ac_cv_search_tan='none required'
ac_cv_search_tanh='none required'
ac_cv_search_tgetflag=-lncurses
ac_cv_search_y0='none required'
ac_cv_search_y1='none required'
ac_cv_sizeof_char=1
ac_cv_sizeof_int=4
ac_cv_sizeof_long=8
ac_cv_sizeof_long_long=8
ac_cv_sizeof_off_t=8
ac_cv_sizeof_short=2
ac_cv_sizeof_void_p=8
ac_cv_sys_file_offset_bits=no
ac_cv_sys_largefile_CC=no
ac_cv_sys_posix_termios=yes
ac_cv_sys_tiocgwinsz_in_sys_ioctl_h=yes
ac_cv_sys_tiocgwinsz_in_termios_h=no
ac_cv_target=x86_64-pc-linux-gnu
ac_cv_type_long_long=yes
ac_cv_type_off_t=yes
ac_cv_type_pid_t=yes
ac_cv_type_sighandler_t=no
ac_cv_type_signal=void
ac_cv_type_size_t=yes
ac_cv_type_ssize_t=yes
am_cv_CC_dependencies_compiler_type=gcc3
am_cv_make_support_nested_variables=yes
am_cv_prog_cc_c_o=yes
joe_cv_isblank=yes
joe_cv_reinstall_sighandlers=no
joe_cv_setpgrp_void=yes

## ----------------- ##
## Output variables. ##
## ----------------- ##

ACLOCAL='${SHELL} '\''/home/ben/joe-build/joe-editor/missing'\'' aclocal-1.16'
AMDEPBACKSLASH='\'
AMDEP_FALSE='#'
AMDEP_TRUE=''
AMTAR='$${TAR-tar}'
AM_BACKSLASH='\'
AM_DEFAULT_V='$(AM_DEFAULT_VERBOSITY)'
AM_DEFAULT_VERBOSITY='1'
AM_V='$(V)'
AUTOCONF='${SHELL} '\''/home/ben/joe-build/joe-editor/missing'\'' autoconf'
AUTOHEADER='${SHELL} '\''/home/ben/joe-build/joe-editor/missing'\'' autoheader'
AUTOMAKE='${SHELL} '\''/home/ben/joe-build/joe-editor/missing'\'' automake-1.16'
AWK='mawk'
CC='gcc'
CCDEPMODE='depmode=gcc3'
CFLAGS='-g -O2'
CPP='gcc -E'
CPPFLAGS=''
CSCOPE='cscope'
CTAGS='ctags'
CYGPATH_W='echo'
DEFS='-DHAVE_CONFIG_H'
DEPDIR='.deps'
ECHO_C=''
ECHO_N='-n'
ECHO_T=''
EGREP='/usr/bin/grep -E'
ETAGS='etags'
EXEEXT=''
GREP='/usr/bin/grep'
INSTALL_DATA='${INSTALL} -m 644'
INSTALL_PROGRAM='${INSTALL}'
INSTALL_SCRIPT='${INSTALL}'
INSTALL_STRIP_PROGRAM='$(install_sh) -c -s'
LDFLAGS=''
LIBOBJS=''
LIBS='-lm -lncurses '
LN_S='ln -s'
LTLIBOBJS=''
MAINT='#'
MAINTAINER_MODE_FALSE=''
MAINTAINER_MODE_TRUE='#'
MAKEINFO='${SHELL} '\''/home/ben/joe-build/joe-editor/missing'\'' makeinfo'
MKDIR_P='/usr/bin/mkdir -p'
OBJEXT='o'
PACKAGE='joe'
PACKAGE_BUGREPORT=''
PACKAGE_NAME='joe'
PACKAGE_STRING='joe 4.0'
PACKAGE_TARNAME='joe'
PACKAGE_URL=''
PACKAGE_VERSION='4.0'
PATH_SEPARATOR=':'
SET_MAKE=''
SHELL='/bin/bash'
SPELL='aspell'
STRIP=''
VERSION='4.0'
ac_ct_CC='gcc'
am__EXEEXT_FALSE=''
am__EXEEXT_TRUE='#'
am__fastdepCC_FALSE='#'
am__fastdepCC_TRUE=''
am__include='include'
am__isrc=''
am__leading_dot='.'
am__nodep='_no'
am__quote=''
am__tar='$${TAR-tar} chof - "$$tardir"'
am__untar='$${TAR-tar} xf -'
bindir='${exec_prefix}/bin'
build='x86_64-pc-linux-gnu'
build_alias=''
build_cpu='x86_64'
build_os='linux-gnu'
build_vendor='pc'
datadir='${datarootdir}'
datarootdir='${prefix}/share'
docdir='${datarootdir}/doc/${PACKAGE_TARNAME}'
dvidir='${docdir}'
exec_prefix='${prefix}'
host='x86_64-pc-linux-gnu'
host_alias=''
host_cpu='x86_64'
host_os='linux-gnu'
host_vendor='pc'
htmldir='${docdir}'
includedir='${prefix}/include'
infodir='${datarootdir}/info'
install_sh='${SHELL} /home/ben/joe-build/joe-editor/install-sh'
libdir='${exec_prefix}/lib'
libexecdir='${exec_prefix}/libexec'
localedir='${datarootdir}/locale'
localstatedir='${prefix}/var'
mandir='${datarootdir}/man'
mkdir_p='$(MKDIR_P)'
oldincludedir='/usr/include'
pdfdir='${docdir}'
prefix='/usr'
program_transform_name='s,x,x,'
psdir='${docdir}'
runstatedir='${localstatedir}/run'
sbindir='${exec_prefix}/sbin'
sharedstatedir='${prefix}/com'
sysconfdir='/etc'
target='x86_64-pc-linux-gnu'
target_alias=''
target_cpu='x86_64'
target_os='linux-gnu'
target_vendor='pc'

## ----------- ##
## confdefs.h. ##
## ----------- ##

/* confdefs.h */
#define PACKAGE_NAME "joe"
#define PACKAGE_TARNAME "joe"
#define PACKAGE_VERSION "4.0"
#define PACKAGE_STRING "joe 4.0"
#define PACKAGE_BUGREPORT ""
#define PACKAGE_URL ""
#define PACKAGE "joe"
#define VERSION "4.0"
#define HAVE_OPENPTY 1
#define HAVE_LOGIN_TTY 1
#define TERMINFO 1
#define HAVE_SNPRINTF 1
#define HAVE_DIRENT_H 1
#define HAVE_POSIX_TERMIOS 1
#define GWINSZ_IN_SYS_IOCTL 1
#define HAVE_ERRNO_H 1
#define HAVE_FCNTL_H 1
#define HAVE_LOCALE_H 1
#define HAVE_SGTTY_H 1
#define HAVE_STDLIB_H 1
#define HAVE_STRING_H 1
#define HAVE_SYS_IOCTL_H 1
#define HAVE_SYS_PARAM_H 1
#define HAVE_SYS_TIME_H 1
#define HAVE_UNISTD_H 1
#define HAVE_UTIME_H 1
#define HAVE_TIME_H 1
#define HAVE_PWD_H 1
#define HAVE_PATHS_H 1
#define HAVE_PTY_H 1
#define HAVE_SYS_TYPES_H 1
#define HAVE_SYS_STAT_H 1
#define HAVE_SYS_WAIT_H 1
#define HAVE_LIMITS_H 1
#define HAVE_SIGNAL_H 1
#define HAVE_CURSES_H 1
#define HAVE_TERM_H 1
#define HAVE_UTMP_H 1
#define HAVE_SELINUX_SELINUX_H 1
#define HAVE_SELINUX_CONTEXT_H 1
#define HAVE_SELINUX 1
#define PROTOTYPES 1
#define __PROTOTYPES 1
#define HAVE_LONG_LONG 1
#define SIZEOF_CHAR 1
#define SIZEOF_SHORT 2
#define SIZEOF_INT 4
#define SIZEOF_LONG 8
#define SIZEOF_LONG_LONG 8
#define SIZEOF_VOID_P 8
#define LSTAT_FOLLOWS_SLASHED_SYMLINK 1
#define SETPGRP_VOID 1
#define SIZEOF_OFF_T 8
#define RETSIGTYPE void
#define HAVE_FORK 1
#define HAVE_VFORK 1
#define HAVE_WORKING_VFORK 1
#define HAVE_WORKING_FORK 1
#define HAVE_GETCWD 1
#define HAVE_GETWD 1
#define HAVE_ISBLANK 1
#define HAVE_WORKING_ISBLANK 1
#define HAVE_ALARM 1
#define HAVE_MKDIR 1
#define HAVE_MKSTEMP 1
#define HAVE_PUTENV 1
#define HAVE_SETLOCALE 1
#define HAVE_STRCHR 1
#define HAVE_STRDUP 1
#define HAVE_UTIME 1
#define HAVE_SETPGID 1
#define HAVE_SETITIMER 1
#define HAVE_SIGACTION 1
#define HAVE_SIGINTERRUPT 1
#define HAVE_SIGPROCMASK 1
#define HAVE_SIN 1
#define HAVE_COS 1
#define HAVE_TAN 1
#define HAVE_EXP 1
#define HAVE_SQRT 1
#define HAVE_CBRT 1
#define HAVE_LOG 1
#define HAVE_LOG10 1
#define HAVE_ASIN 1
#define HAVE_ACOS 1
#define HAVE_ATAN 1
#define HAVE_SINH 1
#define HAVE_COSH 1
#define HAVE_TANH 1
#define HAVE_ASINH 1
#define HAVE_ACOSH 1
#define HAVE_ATANH 1
#define HAVE_FLOOR 1
#define HAVE_CEIL 1
#define HAVE_FABS 1
#define HAVE_ERF 1
#define HAVE_ERFC 1
#define HAVE_J0 1
#define HAVE_J1 1
#define HAVE_Y0 1
#define HAVE_Y1 1

configure: exit 0
